Virtual User Script started at : 2024-01-05 19:23:22
t=00004977ms: Error -205177: APIError: "ERROR_INVALID_PATH"
@moz-extension://18338bc8-1112-4b22-bb85-dbc9e7ab824e//RRE/content/infra/Utils.js:12:39
@moz-extension://18338bc8-1112-4b22-bb85-dbc9e7ab824e//RRE/content/infra/Utils.js:926:3

Exception in Library addin - onLoadLibraries, libDir=C:\work\OT_VUGen_Scripts\truclient-aos-public\Libraries\    [MsgId: MERR-205177]
TruClient Replay (build 0148) for LoadRunner Professional 2023.1.0, build 0251. OS: Windows 2019, Browser: TruClient Browser 110.0.0.0, initialized on 2024/01/05 at 19:23:17 (1704482597.350s)

Running Vuser...
Starting iteration 1.
t=00005431ms: Step 1: Evaluate JavaScript code function isSiteOnline(ur...le.")     } })   started    [MsgId: MMSG-205180]
t=00005444ms: Warning -205179: The TC.outputMessage API is deprecated because it is synchronous. Use the asynchronous API TCA.outputMessage instead. For details, see https://admhelp.microfocus.com/vugen/en/2023.1.0/Content/TruClient/procedures/Async_API_Example.htm.    [MsgId: MWAR-205179]
t=00005444ms: Call...    [MsgId: MMSG1]
t=00005750ms: Step 1: Evaluate JavaScript code function isSiteOnline(ur...le.")     } })   successfully completed with End Event "Action completed"    [MsgId: MMSG-205180]
t=00005754ms: Site is available.    [MsgId: MMSG1]
t=00006255ms: Step 2: Navigate to "https://advantageonlineshopping.com/#/" started    [MsgId: MMSG-205180]
t=00007202ms: Step 2: Navigate to https://advantageonlineshopping.com/#/ successfully completed with End Event "Document Loaded"    [MsgId: MMSG-205180]
Notify: Transaction "trx_Speakers" started.
t=00007922ms: Step 1: Click on SPEAKERS Shop Now  started    [MsgId: MMSG-205180]
t=00011131ms: Step 1: Click on SPEAKERS Shop Now  successfully completed with End Event "Step network completed"    [MsgId: MMSG-205180]
t=00011635ms: Step 2: Click on image (1) image started    [MsgId: MMSG-205180]
t=00012537ms: Step 2: Click on image (1) image successfully completed with End Event "Step network completed"    [MsgId: MMSG-205180]
Notify: Transaction "trx_Speakers_Link" started.
t=00013067ms: Step 3: Click on SPEAKERS link started    [MsgId: MMSG-205180]
t=00013450ms: Step 3: Click on SPEAKERS link successfully completed with End Event "Step synchronous network completed"    [MsgId: MMSG-205180]
Notify: Transaction "trx_Speakers_Link" ended with a "Pass" status (Duration: 0.4120 Wasted Time: 0.1510).
t=00013952ms: Step 4: Click on image (2) image started    [MsgId: MMSG-205180]
t=00014323ms: Step 4: Click on image (2) image successfully completed with End Event "Step synchronous network completed"    [MsgId: MMSG-205180]
t=00014826ms: Step 5: Click on SPEAKERS link started    [MsgId: MMSG-205180]
t=00015169ms: Step 5: Click on SPEAKERS link successfully completed with End Event "Step synchronous network completed"    [MsgId: MMSG-205180]
t=00015671ms: Step 6: Click on image (3) image started    [MsgId: MMSG-205180]
t=00016005ms: Step 6: Click on image (3) image successfully completed with End Event "Step synchronous network completed"    [MsgId: MMSG-205180]
t=00016509ms: Step 7: Click on SPEAKERS link started    [MsgId: MMSG-205180]
t=00016880ms: Step 7: Click on SPEAKERS link successfully completed with End Event "Step synchronous network completed"    [MsgId: MMSG-205180]
t=00017382ms: Step 8: Click on image (4) image started    [MsgId: MMSG-205180]
t=00017720ms: Step 8: Click on image (4) image successfully completed with End Event "Step synchronous network completed"    [MsgId: MMSG-205180]
t=00018222ms: Step 9: Click on SPEAKERS link started    [MsgId: MMSG-205180]
t=00018587ms: Step 9: Click on SPEAKERS link successfully completed with End Event "Step synchronous network completed"    [MsgId: MMSG-205180]
t=00019092ms: Step 10: Click on BUY NOW button started    [MsgId: MMSG-205180]
t=00019484ms: Step 10: Click on BUY NOW button successfully completed with End Event "Step synchronous network completed"    [MsgId: MMSG-205180]
t=00019986ms: Step 11: Click on Plus  started    [MsgId: MMSG-205180]
t=00020364ms: Step 11: Click on Plus  successfully completed with End Event "Action completed"    [MsgId: MMSG-205180]
Notify: Transaction "trx_Speakers_Add_to_Cart" started.
t=00020892ms: Step 12: Click on ADD TO CART button started    [MsgId: MMSG-205180]
t=00021718ms: Step 12: Click on ADD TO CART button successfully completed with End Event "Action completed"    [MsgId: MMSG-205180]
Notify: Transaction "trx_Speakers_Add_to_Cart" ended with a "Pass" status (Duration: 0.8530).
t=00022221ms: Step 13: Move mouse over gridcell (1) gridcell started    [MsgId: MMSG-205180]
Notify: Transaction "trx_Speakers" ended with a "Stop" status (Duration: 14.6779 Wasted Time: 7.2400).
Ending Vuser...
t=00022589ms: Step 13: Move mouse over gridcell (1) gridcell successfully completed with End Event "Action completed"    [MsgId: MMSG-205180]
Vuser Terminated.
t=00023092ms: Step 14: Click on SPEAKERS link started    [MsgId: MMSG-205180]
t=00023451ms: Step 14: Click on SPEAKERS link successfully completed with End Event "Step synchronous network completed"    [MsgId: MMSG-205180]
t=00023954ms: Step 15: Click on dvantage link started    [MsgId: MMSG-205180]
t=00024277ms: Step 15: Click on dvantage link successfully completed with End Event "Step synchronous network completed"    [MsgId: MMSG-205180]
Notify: Transaction "trx_Tablets" started.
t=00024835ms: Step 1: Click on TABLETS Shop Now  started    [MsgId: MMSG-205180]
t=00025390ms: Step 1: Click on TABLETS Shop Now  successfully completed with End Event "Step synchronous network completed"    [MsgId: MMSG-205180]
t=00025893ms: Step 2: Click on image (5) image started    [MsgId: MMSG-205180]
t=00026545ms: Step 2: Click on image (5) image successfully completed with End Event "Step synchronous network completed"    [MsgId: MMSG-205180]
t=00027049ms: Step 3: Click on image (6) image started    [MsgId: MMSG-205180]
t=00027428ms: Step 3: Click on image (6) image successfully completed with End Event "Action completed"    [MsgId: MMSG-205180]
t=00027931ms: Step 4: Click on image (7) image started    [MsgId: MMSG-205180]
t=00028324ms: Step 4: Click on image (7) image successfully completed with End Event "Step synchronous network completed"    [MsgId: MMSG-205180]
t=00028826ms: Step 5: Click on image (8) image started    [MsgId: MMSG-205180]
t=00029191ms: Step 5: Click on image (8) image successfully completed with End Event "Action completed"    [MsgId: MMSG-205180]
t=00029693ms: Step 6: Click on ADD TO CART button started    [MsgId: MMSG-205180]
t=00030067ms: Step 6: Click on ADD TO CART button successfully completed with End Event "Action completed"    [MsgId: MMSG-205180]
t=00030570ms: Step 7: Click on TABLETS link started    [MsgId: MMSG-205180]
t=00030903ms: Step 7: Click on TABLETS link successfully completed with End Event "Step synchronous network completed"    [MsgId: MMSG-205180]
t=00031404ms: Step 8: Click on DISPLAY heading started    [MsgId: MMSG-205180]
t=00031784ms: Step 8: Click on DISPLAY heading successfully completed with End Event "Action completed"    [MsgId: MMSG-205180]
t=00032286ms: Step 9: Click on 10.1" diagonal WXGA UWVA... checkbox started    [MsgId: MMSG-205180]
t=00032553ms: Step 9: Click on 10.1" diagonal WXGA UWVA... checkbox successfully completed with End Event "Step synchronous network completed"    [MsgId: MMSG-205180]
t=00033056ms: Step 10: Click on image (5) image started    [MsgId: MMSG-205180]
t=00033456ms: Step 10: Click on image (5) image successfully completed with End Event "Step synchronous network completed"    [MsgId: MMSG-205180]
t=00033959ms: Step 11: Click on TABLETS link started    [MsgId: MMSG-205180]
t=00034284ms: Step 11: Click on TABLETS link successfully completed with End Event "Step synchronous network completed"    [MsgId: MMSG-205180]
t=00034787ms: Step 12: Click on BUY NOW button started    [MsgId: MMSG-205180]
t=00035144ms: Step 12: Click on BUY NOW button successfully completed with End Event "Step synchronous network completed"    [MsgId: MMSG-205180]
t=00035646ms: Step 13: Double click on Plus  started    [MsgId: MMSG-205180]
t=00036022ms: Step 13: Double click on Plus  successfully completed with End Event "Action completed"    [MsgId: MMSG-205180]
t=00036525ms: Step 14: Click on ADD TO CART button started    [MsgId: MMSG-205180]
t=00036894ms: Step 14: Click on ADD TO CART button successfully completed with End Event "Action completed"    [MsgId: MMSG-205180]
t=00037396ms: Step 15: Click on TABLETS link started    [MsgId: MMSG-205180]
t=00037712ms: Step 15: Click on TABLETS link successfully completed with End Event "Step synchronous network completed"    [MsgId: MMSG-205180]
t=00038215ms: Step 16: Click on dvantage link started    [MsgId: MMSG-205180]
t=00038519ms: Step 16: Click on dvantage link successfully completed with End Event "Step synchronous network completed"    [MsgId: MMSG-205180]
Notify: Transaction "trx_Tablets" ended with a "Pass" status (Duration: 13.7170 Wasted Time: 9.0430).
Notify: Transaction "trx_ContactUs" started.
t=00039077ms: Step 1: Click on CONTACT US JavaScript link started    [MsgId: MMSG-205180]
t=00039460ms: Step 1: Click on CONTACT US JavaScript link successfully completed with End Event "Action completed"    [MsgId: MMSG-205180]
t=00039965ms: Step 2: Select Laptops from CategorySelect CategoryLa... listbox started    [MsgId: MMSG-205180]
t=00040529ms: Step 2: Select Laptops from CategorySelect CategoryLa... listbox successfully completed with End Event "Action completed"    [MsgId: MMSG-205180]
t=00041030ms: Step 3: Select HP Pavilion 15z Laptop from ProductSelect ProductHP... listbox started    [MsgId: MMSG-205180]
t=00041428ms: Step 3: Select HP Pavilion 15z Laptop from ProductSelect ProductHP... listbox successfully completed with End Event "Action completed"    [MsgId: MMSG-205180]
t=00041930ms: Step 4: Click on *EmailEmail textbox started    [MsgId: MMSG-205180]
t=00042343ms: Step 4: Click on *EmailEmail textbox successfully completed with End Event "Action completed"    [MsgId: MMSG-205180]
t=00042845ms: Step 5: Type eMailParam in *EmailEmail textbox started    [MsgId: MMSG-205180]
t=00043165ms: Step 5: Type june@anymail.com in *EmailEmail textbox successfully completed with End Event "Action completed"    [MsgId: MMSG-205180]
t=00043667ms: Step 6: Click on subjectTextarea textbox started    [MsgId: MMSG-205180]
t=00044055ms: Step 6: Click on subjectTextarea textbox successfully completed with End Event "Action completed"    [MsgId: MMSG-205180]
t=00044559ms: Step 7: Type Does it run Mint Linux in subjectTextarea textbox started    [MsgId: MMSG-205180]
t=00045004ms: Step 7: Type Does it run Mint Linux in subjectTextarea textbox successfully completed with End Event "Action completed"    [MsgId: MMSG-205180]
t=00045506ms: Step 8: Click on subjectTextarea textbox started    [MsgId: MMSG-205180]
t=00045870ms: Step 8: Click on subjectTextarea textbox successfully completed with End Event "Action completed"    [MsgId: MMSG-205180]
t=00046371ms: Step 9: Type ? in subjectTextarea textbox started    [MsgId: MMSG-205180]
t=00046416ms: Step 9: Type ? in subjectTextarea textbox successfully completed with End Event "Action completed"    [MsgId: MMSG-205180]
t=00046917ms: Step 10: Click on SEND button started    [MsgId: MMSG-205180]
t=00047769ms: Step 10: Click on SEND button successfully completed with End Event "Step network completed"    [MsgId: MMSG-205180]
t=00048271ms: Step 11: Click on CONTINUE SHOPPING link started    [MsgId: MMSG-205180]
t=00048654ms: Step 11: Click on CONTINUE SHOPPING link successfully completed with End Event "Action completed"    [MsgId: MMSG-205180]
t=00049158ms: Step 12: Click on dvantage link started    [MsgId: MMSG-205180]
t=00049540ms: Step 12: Click on dvantage link successfully completed with End Event "Action completed"    [MsgId: MMSG-205180]
Notify: Transaction "trx_ContactUs" ended with a "Pass" status (Duration: 10.4950 Wasted Time: 5.5290).
